  [1m[35m (17.7ms)[0m  [1m[35mCREATE TABLE "schema_migrations" ("version" varchar NOT NULL PRIMARY KEY)[0m
  [1m[35m (39.3ms)[0m  [1m[35mCREATE TABLE "ar_internal_metadata" ("key" varchar NOT NULL PRIMARY KEY, "value" varchar, "created_at" datetime NOT NULL, "updated_at" datetime NOT NULL)[0m
  [1m[36mActiveRecord::SchemaMigration Load (0.1ms)[0m  [1m[34mSELECT "schema_migrations".* FROM "schema_migrations"[0m
Migrating to DeviseCreateUsers (20170209210757)
  [1m[35m (0.1ms)[0m  [1m[36mbegin transaction[0m
  [1m[35m (33.8ms)[0m  [1m[35mCREATE TABLE "users" ("id" INTEGER PRIMARY KEY AUTOINCREMENT NOT NULL, "email" varchar DEFAULT '' NOT NULL, "encrypted_password" varchar DEFAULT '' NOT NULL, "reset_password_token" varchar, "reset_password_sent_at" datetime, "remember_created_at" datetime, "sign_in_count" integer DEFAULT 0 NOT NULL, "current_sign_in_at" datetime, "last_sign_in_at" datetime, "current_sign_in_ip" varchar, "last_sign_in_ip" varchar, "created_at" datetime NOT NULL, "updated_at" datetime NOT NULL)[0m
  [1m[35m (0.1ms)[0m  [1m[34mselect sqlite_version(*)[0m
  [1m[35m (0.4ms)[0m  [1m[35mCREATE UNIQUE INDEX "index_users_on_email" ON "users" ("email")[0m
  [1m[35m (0.1ms)[0m  [1m[34m            SELECT sql
            FROM sqlite_master
            WHERE name='index_users_on_email' AND type='index'
            UNION ALL
            SELECT sql
            FROM sqlite_temp_master
            WHERE name='index_users_on_email' AND type='index'
[0m
  [1m[35m (0.1ms)[0m  [1m[35mCREATE UNIQUE INDEX "index_users_on_reset_password_token" ON "users" ("reset_password_token")[0m
  [1m[35mSQL (30.9ms)[0m  [1m[32mINSERT INTO "schema_migrations" ("version") VALUES (?)[0m  [["version", "20170209210757"]]
  [1m[35m (16.7ms)[0m  [1m[36mcommit transaction[0m
Migrating to AddAdminToUsers (20170209212637)
  [1m[35m (0.1ms)[0m  [1m[36mbegin transaction[0m
  [1m[35m (20.3ms)[0m  [1m[35mALTER TABLE "users" ADD "admin?" boolean DEFAULT 'f'[0m
  [1m[35mSQL (0.1ms)[0m  [1m[32mINSERT INTO "schema_migrations" ("version") VALUES (?)[0m  [["version", "20170209212637"]]
  [1m[35m (45.3ms)[0m  [1m[36mcommit transaction[0m
Migrating to CreateBooks (20170210023147)
  [1m[35m (0.1ms)[0m  [1m[36mbegin transaction[0m
  [1m[35m (3.3ms)[0m  [1m[35mCREATE TABLE "books" ("id" INTEGER PRIMARY KEY AUTOINCREMENT NOT NULL, "title" varchar, "author" varchar, "year" integer, "fiction" boolean, "user_id" integer)[0m
  [1m[35mSQL (0.1ms)[0m  [1m[32mINSERT INTO "schema_migrations" ("version") VALUES (?)[0m  [["version", "20170210023147"]]
  [1m[35m (41.6ms)[0m  [1m[36mcommit transaction[0m
Migrating to CreateReviews (20170210030106)
  [1m[35m (0.1ms)[0m  [1m[36mbegin transaction[0m
  [1m[35m (11.5ms)[0m  [1m[35mCREATE TABLE "reviews" ("id" INTEGER PRIMARY KEY AUTOINCREMENT NOT NULL, "summary" varchar, "body" text, "rating" integer, "user_id" integer, "book_id" integer)[0m
  [1m[35mSQL (0.1ms)[0m  [1m[32mINSERT INTO "schema_migrations" ("version") VALUES (?)[0m  [["version", "20170210030106"]]
  [1m[35m (29.4ms)[0m  [1m[36mcommit transaction[0m
Migrating to CreateUserInfo (20170210160707)
  [1m[35m (0.1ms)[0m  [1m[36mbegin transaction[0m
  [1m[35m (11.7ms)[0m  [1m[35mCREATE TABLE "user_infos" ("id" INTEGER PRIMARY KEY AUTOINCREMENT NOT NULL, "name" varchar, "city" varchar, "state" varchar, "user_id" integer)[0m
  [1m[35mSQL (0.2ms)[0m  [1m[32mINSERT INTO "schema_migrations" ("version") VALUES (?)[0m  [["version", "20170210160707"]]
  [1m[35m (34.7ms)[0m  [1m[36mcommit transaction[0m
  [1m[36mActiveRecord::InternalMetadata Load (0.1ms)[0m  [1m[34mSELECT  "ar_internal_metadata".* FROM "ar_internal_metadata" WHERE "ar_internal_metadata"."key" = ? LIMIT ?[0m  [["key", :environment], ["LIMIT", 1]]
  [1m[35m (0.1ms)[0m  [1m[36mbegin transaction[0m
  [1m[35mSQL (46.6ms)[0m  [1m[32mINSERT INTO "ar_internal_metadata" ("key", "value", "created_at", "updated_at") VALUES (?, ?, ?, ?)[0m  [["key", "environment"], ["value", "development"], ["created_at", 2017-02-10 21:42:06 UTC], ["updated_at", 2017-02-10 21:42:06 UTC]]
  [1m[35m (50.5ms)[0m  [1m[36mcommit transaction[0m
  [1m[36mActiveRecord::SchemaMigration Load (0.1ms)[0m  [1m[34mSELECT "schema_migrations".* FROM "schema_migrations"[0m
  [1m[35m (0.1ms)[0m  [1m[34m            SELECT sql
            FROM sqlite_master
            WHERE name='index_users_on_reset_password_token' AND type='index'
            UNION ALL
            SELECT sql
            FROM sqlite_temp_master
            WHERE name='index_users_on_reset_password_token' AND type='index'
[0m
  [1m[35m (0.1ms)[0m  [1m[34m            SELECT sql
            FROM sqlite_master
            WHERE name='index_users_on_email' AND type='index'
            UNION ALL
            SELECT sql
            FROM sqlite_temp_master
            WHERE name='index_users_on_email' AND type='index'
[0m
  [1m[35m (0.1ms)[0m  [1m[36mbegin transaction[0m
  [1m[36mUser Exists (0.2ms)[0m  [1m[34mSELECT  1 AS one FROM "users" WHERE "users"."email" = ? LIMIT ?[0m  [["email", "test_user@yahoo.com"], ["LIMIT", 1]]
  [1m[35mSQL (0.6ms)[0m  [1m[32mINSERT INTO "users" ("email", "encrypted_password", "created_at", "updated_at") VALUES (?, ?, ?, ?)[0m  [["email", "test_user@yahoo.com"], ["encrypted_password", "$2a$11$/s6LW2avcS9depWUMFXeMuF834d9n9G0nm5qIqDUViCW2JHBl87NG"], ["created_at", 2017-02-10 21:46:00 UTC], ["updated_at", 2017-02-10 21:46:00 UTC]]
  [1m[35mSQL (0.1ms)[0m  [1m[32mINSERT INTO "books" ("title", "author", "year", "fiction") VALUES (?, ?, ?, ?)[0m  [["title", "Angels and Demons"], ["author", "Dan Brown"], ["year", 2005], ["fiction", true]]
  [1m[35mSQL (0.1ms)[0m  [1m[32mINSERT INTO "reviews" ("summary", "body", "rating", "user_id", "book_id") VALUES (?, ?, ?, ?, ?)[0m  [["summary", "A genuine page turner"], ["body", "The book is laced with fun facts about electing a pope and the\n                          Vatican, like that St. Peter's bones are not in the golden casket in St.\n                          Peter's Basilica, but two stories under it. Brown knows the layout.\n                          And that the artist Raphael's last name was Santi. He also knows how marble\n                          statues were carved. Brown's no Irving Stone (THE AGONY AND THE ECSTACY),\n                          but he does manage to inform without being pedantic.\n                                       \n                          As Vittoria and Langdon race around Rome, we get quite a tour, with great\n                          descriptions. (Pick up a paperback copy next summer and bring it to Rome.\n                          Take the Brown tour.) What's interesting is that all the places and pieces of\n                          art in this book really exist."], ["rating", 3], ["user_id", 1], ["book_id", 1]]
  [1m[35m (100.3ms)[0m  [1m[36mcommit transaction[0m
